<?xml version="1.0" encoding="UTF-8"?>
<!-- Generated by org.testng.reporters.JUnitXMLReporter -->
<testsuite hostname="DESKTOP-LAO6R8V" ignored="2" name="Smoke Test" tests="1" failures="0" timestamp="2022-12-13T16:21:44 GMT" time="8.729" errors="0">
  <testcase name="verifyThePasswordErrorMessage" time="2.523" classname="com.herokuapp.internet.the.testsuite.LoginPageTest"/>
  <testcase name="verifyUsershouldLoginSuccessfully" time="0.0" classname="com.herokuapp.internet.the.testsuite.LoginPageTest">
    <ignored/>
  </testcase> <!-- verifyUsershouldLoginSuccessfully -->
  <testcase name="verifyTheErrorMessage" time="0.0" classname="com.herokuapp.internet.the.testsuite.LoginPageTest">
    <ignored/>
  </testcase> <!-- verifyTheErrorMessage -->
</testsuite> <!-- Smoke Test -->
