<?xml version="1.0" encoding="UTF-8"?>
<!-- Generated by org.testng.reporters.JUnitXMLReporter -->
<testsuite hostname="DESKTOP-LAO6R8V" ignored="2" name="Sanity Test" tests="1" failures="0" timestamp="2022-12-13T16:20:20 GMT" time="9.652" errors="0">
  <testcase name="verifyUsershouldLoginSuccessfully" time="2.622" classname="com.herokuapp.internet.the.testsuite.LoginPageTest"/>
  <testcase name="verifyTheErrorMessage" time="0.0" classname="com.herokuapp.internet.the.testsuite.LoginPageTest">
    <ignored/>
  </testcase> <!-- verifyTheErrorMessage -->
  <testcase name="verifyThePasswordErrorMessage" time="0.0" classname="com.herokuapp.internet.the.testsuite.LoginPageTest">
    <ignored/>
  </testcase> <!-- verifyThePasswordErrorMessage -->
</testsuite> <!-- Sanity Test -->
