<?xml version="1.0" encoding="UTF-8"?>
<!-- Generated by org.testng.reporters.JUnitXMLReporter -->
<testsuite hostname="DESKTOP-LAO6R8V" ignored="0" name="Regression Test" tests="3" failures="0" timestamp="2022-12-13T16:18:34 GMT" time="21.246" errors="0">
  <testcase name="verifyTheErrorMessage" time="2.568" classname="com.herokuapp.internet.the.testsuite.LoginPageTest"/>
  <testcase name="verifyThePasswordErrorMessage" time="2.508" classname="com.herokuapp.internet.the.testsuite.LoginPageTest"/>
  <testcase name="verifyUsershouldLoginSuccessfully" time="2.555" classname="com.herokuapp.internet.the.testsuite.LoginPageTest"/>
</testsuite> <!-- Regression Test -->
